Analysis & Synthesis report for OEVM
Mon Jan 10 16:22:29 2022
Quartus Prime Version 19.1.0 Build 670 09/22/2019 SJ Lite Edition


---------------------
; Table of Contents ;
---------------------
  1. Legal Notice
  2. Analysis & Synthesis Summary
  3. Analysis & Synthesis Settings
  4. Parallel Compilation
  5. Analysis & Synthesis Source Files Read
  6. Analysis & Synthesis Resource Usage Summary
  7. Analysis & Synthesis Resource Utilization by Entity
  8. State Machine - |alu|mealy_state_machine:inst2|state
  9. Registers Removed During Synthesis
 10. General Register Statistics
 11. Inverted Register Statistics
 12. Multiplexer Restructuring Statistics (Restructuring Performed)
 13. Parameter Settings for User Entity Instance: block_oper:inst|KC3:inst14
 14. Parameter Settings for User Entity Instance: block_oper:inst|RR:inst11
 15. Parameter Settings for User Entity Instance: block_oper:inst|summator:inst8
 16. Parameter Settings for User Entity Instance: block_oper:inst|KC1:inst
 17. Parameter Settings for User Entity Instance: block_oper:inst|RA:inst1
 18. Parameter Settings for User Entity Instance: block_oper:inst|KC2:inst7
 19. Parameter Settings for User Entity Instance: block_oper:inst|LPM_SHIFTREG:inst6
 20. lpm_shiftreg Parameter Settings by Entity Instance
 21. Post-Synthesis Netlist Statistics for Top Partition
 22. Elapsed Time Per Partition
 23. Analysis & Synthesis Messages



----------------
; Legal Notice ;
----------------
Copyright (C) 2019  Intel Corporation. All rights reserved.
Your use of Intel Corporation's design tools, logic functions 
and other software and tools, and any partner logic 
functions, and any output files from any of the foregoing 
(including device programming or simulation files), and any 
associated documentation or information are expressly subject 
to the terms and conditions of the Intel Program License 
Subscription Agreement, the Intel Quartus Prime License Agreement,
the Intel FPGA IP License Agreement, or other applicable license
agreement, including, without limitation, that your use is for
the sole purpose of programming logic devices manufactured by
Intel and sold by Intel or its authorized distributors.  Please
refer to the applicable agreement for further details, at
https://fpgasoftware.intel.com/eula.



+----------------------------------------------------------------------------------+
; Analysis & Synthesis Summary                                                     ;
+------------------------------------+---------------------------------------------+
; Analysis & Synthesis Status        ; Successful - Mon Jan 10 16:22:29 2022       ;
; Quartus Prime Version              ; 19.1.0 Build 670 09/22/2019 SJ Lite Edition ;
; Revision Name                      ; OEVM                                        ;
; Top-level Entity Name              ; alu                                         ;
; Family                             ; Cyclone IV E                                ;
; Total logic elements               ; 59                                          ;
;     Total combinational functions  ; 54                                          ;
;     Dedicated logic registers      ; 21                                          ;
; Total registers                    ; 21                                          ;
; Total pins                         ; 61                                          ;
; Total virtual pins                 ; 0                                           ;
; Total memory bits                  ; 0                                           ;
; Embedded Multiplier 9-bit elements ; 0                                           ;
; Total PLLs                         ; 0                                           ;
+------------------------------------+---------------------------------------------+


+------------------------------------------------------------------------------------------------------------+
; Analysis & Synthesis Settings                                                                              ;
+------------------------------------------------------------------+--------------------+--------------------+
; Option                                                           ; Setting            ; Default Value      ;
+------------------------------------------------------------------+--------------------+--------------------+
; Top-level entity name                                            ; alu                ; OEVM               ;
; Family name                                                      ; Cyclone IV E       ; Cyclone V          ;
; Use smart compilation                                            ; Off                ; Off                ;
; Enable parallel Assembler and Timing Analyzer during compilation ; On                 ; On                 ;
; Enable compact report table                                      ; Off                ; Off                ;
; Restructure Multiplexers                                         ; Auto               ; Auto               ;
; Create Debugging Nodes for IP Cores                              ; Off                ; Off                ;
; Preserve fewer node names                                        ; On                 ; On                 ;
; Intel FPGA IP Evaluation Mode                                    ; Enable             ; Enable             ;
; Verilog Version                                                  ; Verilog_2001       ; Verilog_2001       ;
; VHDL Version                                                     ; VHDL_1993          ; VHDL_1993          ;
; State Machine Processing                                         ; Auto               ; Auto               ;
; Safe State Machine                                               ; Off                ; Off                ;
; Extract Verilog State Machines                                   ; On                 ; On                 ;
; Extract VHDL State Machines                                      ; On                 ; On                 ;
; Ignore Verilog initial constructs                                ; Off                ; Off                ;
; Iteration limit for constant Verilog loops                       ; 5000               ; 5000               ;
; Iteration limit for non-constant Verilog loops                   ; 250                ; 250                ;
; Add Pass-Through Logic to Inferred RAMs                          ; On                 ; On                 ;
; Infer RAMs from Raw Logic                                        ; On                 ; On                 ;
; Parallel Synthesis                                               ; On                 ; On                 ;
; DSP Block Balancing                                              ; Auto               ; Auto               ;
; NOT Gate Push-Back                                               ; On                 ; On                 ;
; Power-Up Don't Care                                              ; On                 ; On                 ;
; Remove Redundant Logic Cells                                     ; Off                ; Off                ;
; Remove Duplicate Registers                                       ; On                 ; On                 ;
; Ignore CARRY Buffers                                             ; Off                ; Off                ;
; Ignore CASCADE Buffers                                           ; Off                ; Off                ;
; Ignore GLOBAL Buffers                                            ; Off                ; Off                ;
; Ignore ROW GLOBAL Buffers                                        ; Off                ; Off                ;
; Ignore LCELL Buffers                                             ; Off                ; Off                ;
; Ignore SOFT Buffers                                              ; On                 ; On                 ;
; Limit AHDL Integers to 32 Bits                                   ; Off                ; Off                ;
; Optimization Technique                                           ; Balanced           ; Balanced           ;
; Carry Chain Length                                               ; 70                 ; 70                 ;
; Auto Carry Chains                                                ; On                 ; On                 ;
; Auto Open-Drain Pins                                             ; On                 ; On                 ;
; Perform WYSIWYG Primitive Resynthesis                            ; Off                ; Off                ;
; Auto ROM Replacement                                             ; On                 ; On                 ;
; Auto RAM Replacement                                             ; On                 ; On                 ;
; Auto DSP Block Replacement                                       ; On                 ; On                 ;
; Auto Shift Register Replacement                                  ; Auto               ; Auto               ;
; Allow Shift Register Merging across Hierarchies                  ; Auto               ; Auto               ;
; Auto Clock Enable Replacement                                    ; On                 ; On                 ;
; Strict RAM Replacement                                           ; Off                ; Off                ;
; Allow Synchronous Control Signals                                ; On                 ; On                 ;
; Force Use of Synchronous Clear Signals                           ; Off                ; Off                ;
; Auto RAM Block Balancing                                         ; On                 ; On                 ;
; Auto RAM to Logic Cell Conversion                                ; Off                ; Off                ;
; Auto Resource Sharing                                            ; Off                ; Off                ;
; Allow Any RAM Size For Recognition                               ; Off                ; Off                ;
; Allow Any ROM Size For Recognition                               ; Off                ; Off                ;
; Allow Any Shift Register Size For Recognition                    ; Off                ; Off                ;
; Use LogicLock Constraints during Resource Balancing              ; On                 ; On                 ;
; Ignore translate_off and synthesis_off directives                ; Off                ; Off                ;
; Timing-Driven Synthesis                                          ; On                 ; On                 ;
; Report Parameter Settings                                        ; On                 ; On                 ;
; Report Source Assignments                                        ; On                 ; On                 ;
; Report Connectivity Checks                                       ; On                 ; On                 ;
; Ignore Maximum Fan-Out Assignments                               ; Off                ; Off                ;
; Synchronization Register Chain Length                            ; 2                  ; 2                  ;
; Power Optimization During Synthesis                              ; Normal compilation ; Normal compilation ;
; HDL message level                                                ; Level2             ; Level2             ;
; Suppress Register Optimization Related Messages                  ; Off                ; Off                ;
; Number of Removed Registers Reported in Synthesis Report         ; 5000               ; 5000               ;
; Number of Swept Nodes Reported in Synthesis Report               ; 5000               ; 5000               ;
; Number of Inverted Registers Reported in Synthesis Report        ; 100                ; 100                ;
; Clock MUX Protection                                             ; On                 ; On                 ;
; Auto Gated Clock Conversion                                      ; Off                ; Off                ;
; Block Design Naming                                              ; Auto               ; Auto               ;
; SDC constraint protection                                        ; Off                ; Off                ;
; Synthesis Effort                                                 ; Auto               ; Auto               ;
; Shift Register Replacement - Allow Asynchronous Clear Signal     ; On                 ; On                 ;
; Pre-Mapping Resynthesis Optimization                             ; Off                ; Off                ;
; Analysis & Synthesis Message Level                               ; Medium             ; Medium             ;
; Disable Register Merging Across Hierarchies                      ; Auto               ; Auto               ;
; Resource Aware Inference For Block RAM                           ; On                 ; On                 ;
+------------------------------------------------------------------+--------------------+--------------------+


+------------------------------------------+
; Parallel Compilation                     ;
+----------------------------+-------------+
; Processors                 ; Number      ;
+----------------------------+-------------+
; Number detected on machine ; 12          ;
; Maximum allowed            ; 12          ;
;                            ;             ;
; Average used               ; 1.00        ;
; Maximum used               ; 12          ;
;                            ;             ;
; Usage by Processor         ; % Time Used ;
;     Processor 1            ; 100.0%      ;
;     Processors 2-12        ;   0.0%      ;
+----------------------------+-------------+


+-----------------------------------------------------------------------------------------------------------------------------------------------------------------+
; Analysis & Synthesis Source Files Read                                                                                                                          ;
+----------------------------------+-----------------+------------------------------------+-------------------------------------------------------------+---------+
; File Name with User-Entered Path ; Used in Netlist ; File Type                          ; File Name with Absolute Path                                ; Library ;
+----------------------------------+-----------------+------------------------------------+-------------------------------------------------------------+---------+
; RA.vhd                           ; yes             ; User VHDL File                     ; C:/_OEVM/course_work/RA.vhd                                 ;         ;
; KC1.vhd                          ; yes             ; User VHDL File                     ; C:/_OEVM/course_work/KC1.vhd                                ;         ;
; KC2.vhd                          ; yes             ; User VHDL File                     ; C:/_OEVM/course_work/KC2.vhd                                ;         ;
; summator.vhd                     ; yes             ; User VHDL File                     ; C:/_OEVM/course_work/summator.vhd                           ;         ;
; RR.vhd                           ; yes             ; User VHDL File                     ; C:/_OEVM/course_work/RR.vhd                                 ;         ;
; KC3.vhd                          ; yes             ; User VHDL File                     ; C:/_OEVM/course_work/KC3.vhd                                ;         ;
; alu.bdf                          ; yes             ; User Block Diagram/Schematic File  ; C:/_OEVM/course_work/alu.bdf                                ;         ;
; block_oper.bdf                   ; yes             ; User Block Diagram/Schematic File  ; C:/_OEVM/course_work/block_oper.bdf                         ;         ;
; mealy_state_machine.vhd          ; yes             ; User VHDL File                     ; C:/_OEVM/course_work/mealy_state_machine.vhd                ;         ;
; lpm_shiftreg.tdf                 ; yes             ; Megafunction                       ; d:/quartus/quartus/libraries/megafunctions/lpm_shiftreg.tdf ;         ;
; lpm_constant.inc                 ; yes             ; Megafunction                       ; d:/quartus/quartus/libraries/megafunctions/lpm_constant.inc ;         ;
; dffeea.inc                       ; yes             ; Megafunction                       ; d:/quartus/quartus/libraries/megafunctions/dffeea.inc       ;         ;
; aglobal191.inc                   ; yes             ; Megafunction                       ; d:/quartus/quartus/libraries/megafunctions/aglobal191.inc   ;         ;
+----------------------------------+-----------------+------------------------------------+-------------------------------------------------------------+---------+


+---------------------------------------------------------+
; Analysis & Synthesis Resource Usage Summary             ;
+---------------------------------------------+-----------+
; Resource                                    ; Usage     ;
+---------------------------------------------+-----------+
; Estimated Total logic elements              ; 59        ;
;                                             ;           ;
; Total combinational functions               ; 54        ;
; Logic element usage by number of LUT inputs ;           ;
;     -- 4 input functions                    ; 19        ;
;     -- 3 input functions                    ; 25        ;
;     -- <=2 input functions                  ; 10        ;
;                                             ;           ;
; Logic elements by mode                      ;           ;
;     -- normal mode                          ; 39        ;
;     -- arithmetic mode                      ; 15        ;
;                                             ;           ;
; Total registers                             ; 21        ;
;     -- Dedicated logic registers            ; 21        ;
;     -- I/O registers                        ; 0         ;
;                                             ;           ;
; I/O pins                                    ; 61        ;
;                                             ;           ;
; Embedded Multiplier 9-bit elements          ; 0         ;
;                                             ;           ;
; Maximum fan-out node                        ; clk~input ;
; Maximum fan-out                             ; 21        ;
; Total fan-out                               ; 338       ;
; Average fan-out                             ; 1.72      ;
+---------------------------------------------+-----------+


+------------------------------------------------------------------------------------------------------------------------------------------------------------------------------------------------------------------------------------------+
; Analysis & Synthesis Resource Utilization by Entity                                                                                                                                                                                      ;
+--------------------------------+---------------------+---------------------------+-------------+--------------+---------+-----------+------+--------------+-----------------------------------------+---------------------+--------------+
; Compilation Hierarchy Node     ; Combinational ALUTs ; Dedicated Logic Registers ; Memory Bits ; DSP Elements ; DSP 9x9 ; DSP 18x18 ; Pins ; Virtual Pins ; Full Hierarchy Name                     ; Entity Name         ; Library Name ;
+--------------------------------+---------------------+---------------------------+-------------+--------------+---------+-----------+------+--------------+-----------------------------------------+---------------------+--------------+
; |alu                           ; 54 (0)              ; 21 (0)                    ; 0           ; 0            ; 0       ; 0         ; 61   ; 0            ; |alu                                    ; alu                 ; work         ;
;    |block_oper:inst|           ; 44 (0)              ; 16 (0)                    ; 0           ; 0            ; 0       ; 0         ; 0    ; 0            ; |alu|block_oper:inst                    ; block_oper          ; work         ;
;       |KC1:inst|               ; 4 (4)               ; 0 (0)                     ; 0           ; 0            ; 0       ; 0         ; 0    ; 0            ; |alu|block_oper:inst|KC1:inst           ; KC1                 ; work         ;
;       |KC2:inst7|              ; 8 (8)               ; 0 (0)                     ; 0           ; 0            ; 0       ; 0         ; 0    ; 0            ; |alu|block_oper:inst|KC2:inst7          ; KC2                 ; work         ;
;       |KC3:inst14|             ; 2 (2)               ; 0 (0)                     ; 0           ; 0            ; 0       ; 0         ; 0    ; 0            ; |alu|block_oper:inst|KC3:inst14         ; KC3                 ; work         ;
;       |RA:inst1|               ; 0 (0)               ; 4 (4)                     ; 0           ; 0            ; 0       ; 0         ; 0    ; 0            ; |alu|block_oper:inst|RA:inst1           ; RA                  ; work         ;
;       |RR:inst11|              ; 9 (9)               ; 8 (8)                     ; 0           ; 0            ; 0       ; 0         ; 0    ; 0            ; |alu|block_oper:inst|RR:inst11          ; RR                  ; work         ;
;       |lpm_shiftreg:inst6|     ; 4 (4)               ; 4 (4)                     ; 0           ; 0            ; 0       ; 0         ; 0    ; 0            ; |alu|block_oper:inst|lpm_shiftreg:inst6 ; lpm_shiftreg        ; work         ;
;       |summator:inst8|         ; 17 (17)             ; 0 (0)                     ; 0           ; 0            ; 0       ; 0         ; 0    ; 0            ; |alu|block_oper:inst|summator:inst8     ; summator            ; work         ;
;    |mealy_state_machine:inst2| ; 10 (10)             ; 5 (5)                     ; 0           ; 0            ; 0       ; 0         ; 0    ; 0            ; |alu|mealy_state_machine:inst2          ; mealy_state_machine ; work         ;
+--------------------------------+---------------------+---------------------------+-------------+--------------+---------+-----------+------+--------------+-----------------------------------------+---------------------+--------------+
Note: For table entries with two numbers listed, the numbers in parentheses indicate the number of resources of the given type used by the specific entity alone. The numbers listed outside of parentheses indicate the total resources of the given type used by the specific entity and all of its sub-entities in the hierarchy.


Encoding Type:  One-Hot
+------------------------------------------------------+
; State Machine - |alu|mealy_state_machine:inst2|state ;
+----------+----------+----------+---------------------+
; Name     ; state.s2 ; state.s1 ; state.s0            ;
+----------+----------+----------+---------------------+
; state.s0 ; 0        ; 0        ; 0                   ;
; state.s1 ; 0        ; 1        ; 1                   ;
; state.s2 ; 1        ; 0        ; 1                   ;
+----------+----------+----------+---------------------+


+-------------------------------------------------------------------------------------+
; Registers Removed During Synthesis                                                  ;
+---------------------------------------+---------------------------------------------+
; Register name                         ; Reason for Removal                          ;
+---------------------------------------+---------------------------------------------+
; block_oper:inst|KC3:inst14|d[0,1]     ; Stuck at GND due to stuck port clock_enable ;
; Total Number of Removed Registers = 2 ;                                             ;
+---------------------------------------+---------------------------------------------+


+------------------------------------------------------+
; General Register Statistics                          ;
+----------------------------------------------+-------+
; Statistic                                    ; Value ;
+----------------------------------------------+-------+
; Total registers                              ; 21    ;
; Number of registers using Synchronous Clear  ; 0     ;
; Number of registers using Synchronous Load   ; 0     ;
; Number of registers using Asynchronous Clear ; 5     ;
; Number of registers using Asynchronous Load  ; 0     ;
; Number of registers using Clock Enable       ; 16    ;
; Number of registers using Preset             ; 0     ;
+----------------------------------------------+-------+


+--------------------------------------------------+
; Inverted Register Statistics                     ;
+----------------------------------------+---------+
; Inverted Register                      ; Fan out ;
+----------------------------------------+---------+
; mealy_state_machine:inst2|i[0]         ; 5       ;
; Total number of inverted registers = 1 ;         ;
+----------------------------------------+---------+


+-------------------------------------------------------------------------------------------------------------------------------------------------------+
; Multiplexer Restructuring Statistics (Restructuring Performed)                                                                                        ;
+--------------------+-----------+---------------+----------------------+------------------------+------------+-----------------------------------------+
; Multiplexer Inputs ; Bus Width ; Baseline Area ; Area if Restructured ; Saving if Restructured ; Registered ; Example Multiplexer Output              ;
+--------------------+-----------+---------------+----------------------+------------------------+------------+-----------------------------------------+
; 4:1                ; 8 bits    ; 16 LEs        ; 16 LEs               ; 0 LEs                  ; Yes        ; |alu|block_oper:inst|RR:inst11|state[8] ;
; 4:1                ; 4 bits    ; 8 LEs         ; 8 LEs                ; 0 LEs                  ; No         ; |alu|block_oper:inst|KC1:inst|Mux0      ;
+--------------------+-----------+---------------+----------------------+------------------------+------------+-----------------------------------------+


+-------------------------------------------------------------------------+
; Parameter Settings for User Entity Instance: block_oper:inst|KC3:inst14 ;
+----------------+-------+------------------------------------------------+
; Parameter Name ; Value ; Type                                           ;
+----------------+-------+------------------------------------------------+
; n              ; 4     ; Signed Integer                                 ;
+----------------+-------+------------------------------------------------+
Note: In order to hide this table in the UI and the text report file, please set the "Show Parameter Settings in Synthesis Report" option in "Analysis and Synthesis Settings -> More Settings" to "Off".


+------------------------------------------------------------------------+
; Parameter Settings for User Entity Instance: block_oper:inst|RR:inst11 ;
+----------------+-------+-----------------------------------------------+
; Parameter Name ; Value ; Type                                          ;
+----------------+-------+-----------------------------------------------+
; n              ; 4     ; Signed Integer                                ;
+----------------+-------+-----------------------------------------------+
Note: In order to hide this table in the UI and the text report file, please set the "Show Parameter Settings in Synthesis Report" option in "Analysis and Synthesis Settings -> More Settings" to "Off".


+-----------------------------------------------------------------------------+
; Parameter Settings for User Entity Instance: block_oper:inst|summator:inst8 ;
+----------------+-------+----------------------------------------------------+
; Parameter Name ; Value ; Type                                               ;
+----------------+-------+----------------------------------------------------+
; n              ; 4     ; Signed Integer                                     ;
+----------------+-------+----------------------------------------------------+
Note: In order to hide this table in the UI and the text report file, please set the "Show Parameter Settings in Synthesis Report" option in "Analysis and Synthesis Settings -> More Settings" to "Off".


+-----------------------------------------------------------------------+
; Parameter Settings for User Entity Instance: block_oper:inst|KC1:inst ;
+----------------+-------+----------------------------------------------+
; Parameter Name ; Value ; Type                                         ;
+----------------+-------+----------------------------------------------+
; n              ; 4     ; Signed Integer                               ;
+----------------+-------+----------------------------------------------+
Note: In order to hide this table in the UI and the text report file, please set the "Show Parameter Settings in Synthesis Report" option in "Analysis and Synthesis Settings -> More Settings" to "Off".


+-----------------------------------------------------------------------+
; Parameter Settings for User Entity Instance: block_oper:inst|RA:inst1 ;
+----------------+-------+----------------------------------------------+
; Parameter Name ; Value ; Type                                         ;
+----------------+-------+----------------------------------------------+
; n              ; 4     ; Signed Integer                               ;
+----------------+-------+----------------------------------------------+
Note: In order to hide this table in the UI and the text report file, please set the "Show Parameter Settings in Synthesis Report" option in "Analysis and Synthesis Settings -> More Settings" to "Off".


+------------------------------------------------------------------------+
; Parameter Settings for User Entity Instance: block_oper:inst|KC2:inst7 ;
+----------------+-------+-----------------------------------------------+
; Parameter Name ; Value ; Type                                          ;
+----------------+-------+-----------------------------------------------+
; n              ; 4     ; Signed Integer                                ;
+----------------+-------+-----------------------------------------------+
Note: In order to hide this table in the UI and the text report file, please set the "Show Parameter Settings in Synthesis Report" option in "Analysis and Synthesis Settings -> More Settings" to "Off".


+---------------------------------------------------------------------------------+
; Parameter Settings for User Entity Instance: block_oper:inst|LPM_SHIFTREG:inst6 ;
+------------------------+--------------+-----------------------------------------+
; Parameter Name         ; Value        ; Type                                    ;
+------------------------+--------------+-----------------------------------------+
; LPM_WIDTH              ; 4            ; Untyped                                 ;
; LPM_DIRECTION          ; LEFT         ; Untyped                                 ;
; LPM_AVALUE             ; UNUSED       ; Untyped                                 ;
; LPM_SVALUE             ; UNUSED       ; Untyped                                 ;
; DEVICE_FAMILY          ; Cyclone IV E ; Untyped                                 ;
; AUTO_CARRY_CHAINS      ; ON           ; AUTO_CARRY                              ;
; IGNORE_CARRY_BUFFERS   ; OFF          ; IGNORE_CARRY                            ;
; AUTO_CASCADE_CHAINS    ; ON           ; AUTO_CASCADE                            ;
; IGNORE_CASCADE_BUFFERS ; OFF          ; IGNORE_CASCADE                          ;
+------------------------+--------------+-----------------------------------------+
Note: In order to hide this table in the UI and the text report file, please set the "Show Parameter Settings in Synthesis Report" option in "Analysis and Synthesis Settings -> More Settings" to "Off".


+-----------------------------------------------------------------+
; lpm_shiftreg Parameter Settings by Entity Instance              ;
+----------------------------+------------------------------------+
; Name                       ; Value                              ;
+----------------------------+------------------------------------+
; Number of entity instances ; 1                                  ;
; Entity Instance            ; block_oper:inst|LPM_SHIFTREG:inst6 ;
;     -- LPM_WIDTH           ; 4                                  ;
;     -- LPM_DIRECTION       ; LEFT                               ;
+----------------------------+------------------------------------+


+-----------------------------------------------------+
; Post-Synthesis Netlist Statistics for Top Partition ;
+-----------------------+-----------------------------+
; Type                  ; Count                       ;
+-----------------------+-----------------------------+
; boundary_port         ; 61                          ;
; cycloneiii_ff         ; 21                          ;
;     CLR               ; 5                           ;
;     ENA               ; 16                          ;
; cycloneiii_lcell_comb ; 57                          ;
;     arith             ; 15                          ;
;         2 data inputs ; 6                           ;
;         3 data inputs ; 9                           ;
;     normal            ; 42                          ;
;         0 data inputs ; 2                           ;
;         1 data inputs ; 3                           ;
;         2 data inputs ; 2                           ;
;         3 data inputs ; 16                          ;
;         4 data inputs ; 19                          ;
;                       ;                             ;
; Max LUT depth         ; 6.50                        ;
; Average LUT depth     ; 4.54                        ;
+-----------------------+-----------------------------+


+-------------------------------+
; Elapsed Time Per Partition    ;
+----------------+--------------+
; Partition Name ; Elapsed Time ;
+----------------+--------------+
; Top            ; 00:00:00     ;
+----------------+--------------+


+-------------------------------+
; Analysis & Synthesis Messages ;
+-------------------------------+
Info: *******************************************************************
Info: Running Quartus Prime Analysis & Synthesis
    Info: Version 19.1.0 Build 670 09/22/2019 SJ Lite Edition
    Info: Processing started: Mon Jan 10 16:22:23 2022
Info: Command: quartus_map --read_settings_files=on --write_settings_files=off OEVM -c OEVM
Warning (18236): Number of processors has not been specified which may cause overloading on shared machines.  Set the global assignment NUM_PARALLEL_PROCESSORS in your QSF to an appropriate value for best performance.
Info (20030): Parallel compilation is enabled and will use 12 of the 12 processors detected
Info (12021): Found 2 design units, including 1 entities, in source file ra.vhd
    Info (12022): Found design unit 1: RA-Behavioral File: C:/_OEVM/course_work/RA.vhd Line: 14
    Info (12023): Found entity 1: RA File: C:/_OEVM/course_work/RA.vhd Line: 6
Info (12021): Found 2 design units, including 1 entities, in source file kc1.vhd
    Info (12022): Found design unit 1: KC1-Behavioral File: C:/_OEVM/course_work/KC1.vhd Line: 13
    Info (12023): Found entity 1: KC1 File: C:/_OEVM/course_work/KC1.vhd Line: 6
Info (12021): Found 2 design units, including 1 entities, in source file rb.vhd
    Info (12022): Found design unit 1: RB-Behavioral File: C:/_OEVM/course_work/RB.vhd Line: 18
    Info (12023): Found entity 1: RB File: C:/_OEVM/course_work/RB.vhd Line: 6
Info (12021): Found 2 design units, including 1 entities, in source file kc2.vhd
    Info (12022): Found design unit 1: KC2-Behavioral File: C:/_OEVM/course_work/KC2.vhd Line: 14
    Info (12023): Found entity 1: KC2 File: C:/_OEVM/course_work/KC2.vhd Line: 6
Info (12021): Found 2 design units, including 1 entities, in source file summator.vhd
    Info (12022): Found design unit 1: summator-Behavioral File: C:/_OEVM/course_work/summator.vhd Line: 13
    Info (12023): Found entity 1: summator File: C:/_OEVM/course_work/summator.vhd Line: 6
Info (12021): Found 2 design units, including 1 entities, in source file rr.vhd
    Info (12022): Found design unit 1: RR-Behavioral File: C:/_OEVM/course_work/RR.vhd Line: 16
    Info (12023): Found entity 1: RR File: C:/_OEVM/course_work/RR.vhd Line: 6
Info (12021): Found 2 design units, including 1 entities, in source file kc3.vhd
    Info (12022): Found design unit 1: KC3-Behavioral File: C:/_OEVM/course_work/KC3.vhd Line: 15
    Info (12023): Found entity 1: KC3 File: C:/_OEVM/course_work/KC3.vhd Line: 6
Info (12021): Found 1 design units, including 1 entities, in source file alu.bdf
    Info (12023): Found entity 1: alu
Info (12021): Found 1 design units, including 1 entities, in source file block_oper.bdf
    Info (12023): Found entity 1: block_oper
Info (12021): Found 2 design units, including 1 entities, in source file mealy_state_machine.vhd
    Info (12022): Found design unit 1: mealy_state_machine-rt1 File: C:/_OEVM/course_work/mealy_state_machine.vhd Line: 22
    Info (12023): Found entity 1: mealy_state_machine File: C:/_OEVM/course_work/mealy_state_machine.vhd Line: 5
Info (12127): Elaborating entity "alu" for the top level hierarchy
Info (12128): Elaborating entity "mealy_state_machine" for hierarchy "mealy_state_machine:inst2"
Info (12128): Elaborating entity "block_oper" for hierarchy "block_oper:inst"
Info (12128): Elaborating entity "KC3" for hierarchy "block_oper:inst|KC3:inst14"
Info (12128): Elaborating entity "RR" for hierarchy "block_oper:inst|RR:inst11"
Info (12128): Elaborating entity "summator" for hierarchy "block_oper:inst|summator:inst8"
Info (12128): Elaborating entity "KC1" for hierarchy "block_oper:inst|KC1:inst"
Info (12128): Elaborating entity "RA" for hierarchy "block_oper:inst|RA:inst1"
Info (12128): Elaborating entity "KC2" for hierarchy "block_oper:inst|KC2:inst7"
Info (12128): Elaborating entity "LPM_SHIFTREG" for hierarchy "block_oper:inst|LPM_SHIFTREG:inst6"
Info (12130): Elaborated megafunction instantiation "block_oper:inst|LPM_SHIFTREG:inst6"
Info (12133): Instantiated megafunction "block_oper:inst|LPM_SHIFTREG:inst6" with the following parameter:
    Info (12134): Parameter "LPM_WIDTH" = "4"
Info (13000): Registers with preset signals will power-up high File: C:/_OEVM/course_work/mealy_state_machine.vhd Line: 72
Info (13003): DEV_CLRn pin will set, and not reset, register with preset signal due to NOT Gate Push-Back
Warning (13024): Output pins are stuck at VCC or GND
    Warning (13410): Pin "priznak[1]" is stuck at GND
    Warning (13410): Pin "priznak[0]" is stuck at GND
    Warning (13410): Pin "y[10]" is stuck at GND
Info (286030): Timing-Driven Synthesis is running
Info (16010): Generating hard_block partition "hard_block:auto_generated_inst"
    Info (16011): Adding 0 node(s), including 0 DDIO, 0 PLL, 0 transceiver and 0 LCELL
Warning (21074): Design contains 1 input pin(s) that do not drive logic
    Warning (15610): No output dependent on input pin "cop"
Info (21057): Implemented 122 device resources after synthesis - the final resource count might be different
    Info (21058): Implemented 12 input pins
    Info (21059): Implemented 49 output pins
    Info (21061): Implemented 61 logic cells
Info: Quartus Prime Analysis & Synthesis was successful. 0 errors, 7 warnings
    Info: Peak virtual memory: 4856 megabytes
    Info: Processing ended: Mon Jan 10 16:22:29 2022
    Info: Elapsed time: 00:00:06
    Info: Total CPU time (on all processors): 00:00:14


