Analysis & Synthesis report for course
Fri Jan 21 03:39:21 2022
Quartus Prime Version 19.1.0 Build 670 09/22/2019 SJ Lite Edition


---------------------
; Table of Contents ;
---------------------
  1. Legal Notice
  2. Analysis & Synthesis Summary
  3. Analysis & Synthesis Settings
  4. Parallel Compilation
  5. Analysis & Synthesis Source Files Read
  6. Analysis & Synthesis Resource Usage Summary
  7. Analysis & Synthesis Resource Utilization by Entity
  8. State Machine - |cpu|cp:inst14|next_state
  9. State Machine - |cpu|cp:inst14|state
 10. State Machine - |cpu|alu:inst|control_unit:inst|state
 11. User-Specified and Inferred Latches
 12. Logic Cells Representing Combinational Loops
 13. General Register Statistics
 14. Multiplexer Restructuring Statistics (Restructuring Performed)
 15. Parameter Settings for User Entity Instance: alu:inst|operation:inst2
 16. Parameter Settings for User Entity Instance: cp:inst14
 17. Post-Synthesis Netlist Statistics for Top Partition
 18. Elapsed Time Per Partition
 19. Analysis & Synthesis Messages



----------------
; Legal Notice ;
----------------
Copyright (C) 2019  Intel Corporation. All rights reserved.
Your use of Intel Corporation's design tools, logic functions 
and other software and tools, and any partner logic 
functions, and any output files from any of the foregoing 
(including device programming or simulation files), and any 
associated documentation or information are expressly subject 
to the terms and conditions of the Intel Program License 
Subscription Agreement, the Intel Quartus Prime License Agreement,
the Intel FPGA IP License Agreement, or other applicable license
agreement, including, without limitation, that your use is for
the sole purpose of programming logic devices manufactured by
Intel and sold by Intel or its authorized distributors.  Please
refer to the applicable agreement for further details, at
https://fpgasoftware.intel.com/eula.



+----------------------------------------------------------------------------------+
; Analysis & Synthesis Summary                                                     ;
+------------------------------------+---------------------------------------------+
; Analysis & Synthesis Status        ; Successful - Fri Jan 21 03:39:21 2022       ;
; Quartus Prime Version              ; 19.1.0 Build 670 09/22/2019 SJ Lite Edition ;
; Revision Name                      ; course                                      ;
; Top-level Entity Name              ; cpu                                         ;
; Family                             ; Cyclone IV E                                ;
; Total logic elements               ; 253                                         ;
;     Total combinational functions  ; 236                                         ;
;     Dedicated logic registers      ; 88                                          ;
; Total registers                    ; 88                                          ;
; Total pins                         ; 26                                          ;
; Total virtual pins                 ; 0                                           ;
; Total memory bits                  ; 0                                           ;
; Embedded Multiplier 9-bit elements ; 0                                           ;
; Total PLLs                         ; 0                                           ;
+------------------------------------+---------------------------------------------+


+------------------------------------------------------------------------------------------------------------+
; Analysis & Synthesis Settings                                                                              ;
+------------------------------------------------------------------+--------------------+--------------------+
; Option                                                           ; Setting            ; Default Value      ;
+------------------------------------------------------------------+--------------------+--------------------+
; Top-level entity name                                            ; cpu                ; course             ;
; Family name                                                      ; Cyclone IV E       ; Cyclone V          ;
; Use smart compilation                                            ; Off                ; Off                ;
; Enable parallel Assembler and Timing Analyzer during compilation ; On                 ; On                 ;
; Enable compact report table                                      ; Off                ; Off                ;
; Restructure Multiplexers                                         ; Auto               ; Auto               ;
; Create Debugging Nodes for IP Cores                              ; Off                ; Off                ;
; Preserve fewer node names                                        ; On                 ; On                 ;
; Intel FPGA IP Evaluation Mode                                    ; Enable             ; Enable             ;
; Verilog Version                                                  ; Verilog_2001       ; Verilog_2001       ;
; VHDL Version                                                     ; VHDL_1993          ; VHDL_1993          ;
; State Machine Processing                                         ; Auto               ; Auto               ;
; Safe State Machine                                               ; Off                ; Off                ;
; Extract Verilog State Machines                                   ; On                 ; On                 ;
; Extract VHDL State Machines                                      ; On                 ; On                 ;
; Ignore Verilog initial constructs                                ; Off                ; Off                ;
; Iteration limit for constant Verilog loops                       ; 5000               ; 5000               ;
; Iteration limit for non-constant Verilog loops                   ; 250                ; 250                ;
; Add Pass-Through Logic to Inferred RAMs                          ; On                 ; On                 ;
; Infer RAMs from Raw Logic                                        ; On                 ; On                 ;
; Parallel Synthesis                                               ; On                 ; On                 ;
; DSP Block Balancing                                              ; Auto               ; Auto               ;
; NOT Gate Push-Back                                               ; On                 ; On                 ;
; Power-Up Don't Care                                              ; On                 ; On                 ;
; Remove Redundant Logic Cells                                     ; Off                ; Off                ;
; Remove Duplicate Registers                                       ; On                 ; On                 ;
; Ignore CARRY Buffers                                             ; Off                ; Off                ;
; Ignore CASCADE Buffers                                           ; Off                ; Off                ;
; Ignore GLOBAL Buffers                                            ; Off                ; Off                ;
; Ignore ROW GLOBAL Buffers                                        ; Off                ; Off                ;
; Ignore LCELL Buffers                                             ; Off                ; Off                ;
; Ignore SOFT Buffers                                              ; On                 ; On                 ;
; Limit AHDL Integers to 32 Bits                                   ; Off                ; Off                ;
; Optimization Technique                                           ; Balanced           ; Balanced           ;
; Carry Chain Length                                               ; 70                 ; 70                 ;
; Auto Carry Chains                                                ; On                 ; On                 ;
; Auto Open-Drain Pins                                             ; On                 ; On                 ;
; Perform WYSIWYG Primitive Resynthesis                            ; Off                ; Off                ;
; Auto ROM Replacement                                             ; On                 ; On                 ;
; Auto RAM Replacement                                             ; On                 ; On                 ;
; Auto DSP Block Replacement                                       ; On                 ; On                 ;
; Auto Shift Register Replacement                                  ; Auto               ; Auto               ;
; Allow Shift Register Merging across Hierarchies                  ; Auto               ; Auto               ;
; Auto Clock Enable Replacement                                    ; On                 ; On                 ;
; Strict RAM Replacement                                           ; Off                ; Off                ;
; Allow Synchronous Control Signals                                ; On                 ; On                 ;
; Force Use of Synchronous Clear Signals                           ; Off                ; Off                ;
; Auto RAM Block Balancing                                         ; On                 ; On                 ;
; Auto RAM to Logic Cell Conversion                                ; Off                ; Off                ;
; Auto Resource Sharing                                            ; Off                ; Off                ;
; Allow Any RAM Size For Recognition                               ; Off                ; Off                ;
; Allow Any ROM Size For Recognition                               ; Off                ; Off                ;
; Allow Any Shift Register Size For Recognition                    ; Off                ; Off                ;
; Use LogicLock Constraints during Resource Balancing              ; On                 ; On                 ;
; Ignore translate_off and synthesis_off directives                ; Off                ; Off                ;
; Timing-Driven Synthesis                                          ; On                 ; On                 ;
; Report Parameter Settings                                        ; On                 ; On                 ;
; Report Source Assignments                                        ; On                 ; On                 ;
; Report Connectivity Checks                                       ; On                 ; On                 ;
; Ignore Maximum Fan-Out Assignments                               ; Off                ; Off                ;
; Synchronization Register Chain Length                            ; 2                  ; 2                  ;
; Power Optimization During Synthesis                              ; Normal compilation ; Normal compilation ;
; HDL message level                                                ; Level2             ; Level2             ;
; Suppress Register Optimization Related Messages                  ; Off                ; Off                ;
; Number of Removed Registers Reported in Synthesis Report         ; 5000               ; 5000               ;
; Number of Swept Nodes Reported in Synthesis Report               ; 5000               ; 5000               ;
; Number of Inverted Registers Reported in Synthesis Report        ; 100                ; 100                ;
; Clock MUX Protection                                             ; On                 ; On                 ;
; Auto Gated Clock Conversion                                      ; Off                ; Off                ;
; Block Design Naming                                              ; Auto               ; Auto               ;
; SDC constraint protection                                        ; Off                ; Off                ;
; Synthesis Effort                                                 ; Auto               ; Auto               ;
; Shift Register Replacement - Allow Asynchronous Clear Signal     ; On                 ; On                 ;
; Pre-Mapping Resynthesis Optimization                             ; Off                ; Off                ;
; Analysis & Synthesis Message Level                               ; Medium             ; Medium             ;
; Disable Register Merging Across Hierarchies                      ; Auto               ; Auto               ;
; Resource Aware Inference For Block RAM                           ; On                 ; On                 ;
+------------------------------------------------------------------+--------------------+--------------------+


+------------------------------------------+
; Parallel Compilation                     ;
+----------------------------+-------------+
; Processors                 ; Number      ;
+----------------------------+-------------+
; Number detected on machine ; 12          ;
; Maximum allowed            ; 12          ;
;                            ;             ;
; Average used               ; 1.00        ;
; Maximum used               ; 12          ;
;                            ;             ;
; Usage by Processor         ; % Time Used ;
;     Processor 1            ; 100.0%      ;
;     Processor 2            ;   0.0%      ;
;     Processors 3-12        ;   0.0%      ;
+----------------------------+-------------+


+----------------------------------------------------------------------------------------------------------------------------------------+
; Analysis & Synthesis Source Files Read                                                                                                 ;
+----------------------------------+-----------------+------------------------------------+------------------------------------+---------+
; File Name with User-Entered Path ; Used in Netlist ; File Type                          ; File Name with Absolute Path       ; Library ;
+----------------------------------+-----------------+------------------------------------+------------------------------------+---------+
; alu.bdf                          ; yes             ; User Block Diagram/Schematic File  ; C:/_OEVM/course_3/alu.bdf          ;         ;
; operation.vhd                    ; yes             ; User VHDL File                     ; C:/_OEVM/course_3/operation.vhd    ;         ;
; control_unit.vhd                 ; yes             ; User VHDL File                     ; C:/_OEVM/course_3/control_unit.vhd ;         ;
; mk_work.vhd                      ; yes             ; User VHDL File                     ; C:/_OEVM/course_3/mk_work.vhd      ;         ;
; cp.vhd                           ; yes             ; User VHDL File                     ; C:/_OEVM/course_3/cp.vhd           ;         ;
; cpu.bdf                          ; yes             ; User Block Diagram/Schematic File  ; C:/_OEVM/course_3/cpu.bdf          ;         ;
+----------------------------------+-----------------+------------------------------------+------------------------------------+---------+


+---------------------------------------------------------+
; Analysis & Synthesis Resource Usage Summary             ;
+---------------------------------------------+-----------+
; Resource                                    ; Usage     ;
+---------------------------------------------+-----------+
; Estimated Total logic elements              ; 253       ;
;                                             ;           ;
; Total combinational functions               ; 236       ;
; Logic element usage by number of LUT inputs ;           ;
;     -- 4 input functions                    ; 95        ;
;     -- 3 input functions                    ; 68        ;
;     -- <=2 input functions                  ; 73        ;
;                                             ;           ;
; Logic elements by mode                      ;           ;
;     -- normal mode                          ; 160       ;
;     -- arithmetic mode                      ; 76        ;
;                                             ;           ;
; Total registers                             ; 88        ;
;     -- Dedicated logic registers            ; 88        ;
;     -- I/O registers                        ; 0         ;
;                                             ;           ;
; I/O pins                                    ; 26        ;
;                                             ;           ;
; Embedded Multiplier 9-bit elements          ; 0         ;
;                                             ;           ;
; Maximum fan-out node                        ; clk~input ;
; Maximum fan-out                             ; 88        ;
; Total fan-out                               ; 1011      ;
; Average fan-out                             ; 2.69      ;
+---------------------------------------------+-----------+


+-----------------------------------------------------------------------------------------------------------------------------------------------------------------------------------------------------------------------+
; Analysis & Synthesis Resource Utilization by Entity                                                                                                                                                                   ;
+----------------------------+---------------------+---------------------------+-------------+--------------+---------+-----------+------+--------------+---------------------------------+--------------+--------------+
; Compilation Hierarchy Node ; Combinational ALUTs ; Dedicated Logic Registers ; Memory Bits ; DSP Elements ; DSP 9x9 ; DSP 18x18 ; Pins ; Virtual Pins ; Full Hierarchy Name             ; Entity Name  ; Library Name ;
+----------------------------+---------------------+---------------------------+-------------+--------------+---------+-----------+------+--------------+---------------------------------+--------------+--------------+
; |cpu                       ; 236 (0)             ; 88 (0)                    ; 0           ; 0            ; 0       ; 0         ; 26   ; 0            ; |cpu                            ; cpu          ; work         ;
;    |alu:inst|              ; 173 (0)             ; 28 (0)                    ; 0           ; 0            ; 0       ; 0         ; 0    ; 0            ; |cpu|alu:inst                   ; alu          ; work         ;
;       |control_unit:inst|  ; 29 (29)             ; 4 (4)                     ; 0           ; 0            ; 0       ; 0         ; 0    ; 0            ; |cpu|alu:inst|control_unit:inst ; control_unit ; work         ;
;       |operation:inst2|    ; 144 (144)           ; 24 (24)                   ; 0           ; 0            ; 0       ; 0         ; 0    ; 0            ; |cpu|alu:inst|operation:inst2   ; operation    ; work         ;
;    |cp:inst14|             ; 63 (63)             ; 60 (60)                   ; 0           ; 0            ; 0       ; 0         ; 0    ; 0            ; |cpu|cp:inst14                  ; cp           ; work         ;
+----------------------------+---------------------+---------------------------+-------------+--------------+---------+-----------+------+--------------+---------------------------------+--------------+--------------+
Note: For table entries with two numbers listed, the numbers in parentheses indicate the number of resources of the given type used by the specific entity alone. The numbers listed outside of parentheses indicate the total resources of the given type used by the specific entity and all of its sub-entities in the hierarchy.


Encoding Type:  One-Hot
+-------------------------------------------------------------------------------+
; State Machine - |cpu|cp:inst14|next_state                                     ;
+---------------+---------------+---------------+---------------+---------------+
; Name          ; next_state.s3 ; next_state.s2 ; next_state.s1 ; next_state.s0 ;
+---------------+---------------+---------------+---------------+---------------+
; next_state.s0 ; 0             ; 0             ; 0             ; 0             ;
; next_state.s1 ; 0             ; 0             ; 1             ; 1             ;
; next_state.s2 ; 0             ; 1             ; 0             ; 1             ;
; next_state.s3 ; 1             ; 0             ; 0             ; 1             ;
+---------------+---------------+---------------+---------------+---------------+


Encoding Type:  One-Hot
+------------------------------------------------------+
; State Machine - |cpu|cp:inst14|state                 ;
+----------+----------+----------+----------+----------+
; Name     ; state.s3 ; state.s2 ; state.s1 ; state.s0 ;
+----------+----------+----------+----------+----------+
; state.s0 ; 0        ; 0        ; 0        ; 0        ;
; state.s1 ; 0        ; 0        ; 1        ; 1        ;
; state.s2 ; 0        ; 1        ; 0        ; 1        ;
; state.s3 ; 1        ; 0        ; 0        ; 1        ;
+----------+----------+----------+----------+----------+


Encoding Type:  One-Hot
+-------------------------------------------------------+
; State Machine - |cpu|alu:inst|control_unit:inst|state ;
+----------+----------+----------+----------+-----------+
; Name     ; state.s3 ; state.s2 ; state.s1 ; state.s0  ;
+----------+----------+----------+----------+-----------+
; state.s0 ; 0        ; 0        ; 0        ; 0         ;
; state.s1 ; 0        ; 0        ; 1        ; 1         ;
; state.s2 ; 0        ; 1        ; 0        ; 1         ;
; state.s3 ; 1        ; 0        ; 0        ; 1         ;
+----------+----------+----------+----------+-----------+


+----------------------------------------------------------------------------------------------------------------------+
; User-Specified and Inferred Latches                                                                                  ;
+-----------------------------------------------------+---------------------------------------+------------------------+
; Latch Name                                          ; Latch Enable Signal                   ; Free of Timing Hazards ;
+-----------------------------------------------------+---------------------------------------+------------------------+
; alu:inst|control_unit:inst|next_state.s3_397        ; alu:inst|control_unit:inst|Selector11 ; yes                    ;
; alu:inst|control_unit:inst|y[1]                     ; alu:inst|control_unit:inst|Selector11 ; yes                    ;
; alu:inst|control_unit:inst|y[2]                     ; alu:inst|control_unit:inst|Selector11 ; yes                    ;
; alu:inst|control_unit:inst|y[3]                     ; alu:inst|control_unit:inst|Selector11 ; yes                    ;
; alu:inst|control_unit:inst|y[4]                     ; alu:inst|control_unit:inst|Selector11 ; yes                    ;
; alu:inst|control_unit:inst|y[5]                     ; alu:inst|control_unit:inst|Selector11 ; yes                    ;
; alu:inst|control_unit:inst|y[6]                     ; alu:inst|control_unit:inst|Selector11 ; yes                    ;
; alu:inst|control_unit:inst|y[0]                     ; alu:inst|control_unit:inst|Selector11 ; yes                    ;
; alu:inst|control_unit:inst|next_state.s2_420        ; alu:inst|control_unit:inst|Selector11 ; yes                    ;
; alu:inst|control_unit:inst|next_state.s1_443        ; alu:inst|control_unit:inst|Selector11 ; yes                    ;
; alu:inst|control_unit:inst|next_state.s0_466        ; alu:inst|control_unit:inst|Selector11 ; yes                    ;
; Number of user-specified and inferred latches = 11  ;                                       ;                        ;
+-----------------------------------------------------+---------------------------------------+------------------------+
Note: All latches listed above may not be present at the end of synthesis due to various synthesis optimizations.


+------------------------------------------------------------+
; Logic Cells Representing Combinational Loops               ;
+--------------------------------------------------------+---+
; Logic Cell Name                                        ;   ;
+--------------------------------------------------------+---+
; alu:inst|operation:inst2|Add2~7                        ;   ;
; alu:inst|operation:inst2|Add2~6                        ;   ;
; alu:inst|operation:inst2|Add2~5                        ;   ;
; alu:inst|operation:inst2|Add2~4                        ;   ;
; alu:inst|operation:inst2|Add2~3                        ;   ;
; alu:inst|operation:inst2|Add2~2                        ;   ;
; alu:inst|operation:inst2|Add2~1                        ;   ;
; alu:inst|operation:inst2|Add2~0                        ;   ;
; Number of logic cells representing combinational loops ; 8 ;
+--------------------------------------------------------+---+
Note: All cells listed above may not be present at the end of synthesis due to various synthesis optimizations.


+------------------------------------------------------+
; General Register Statistics                          ;
+----------------------------------------------+-------+
; Statistic                                    ; Value ;
+----------------------------------------------+-------+
; Total registers                              ; 88    ;
; Number of registers using Synchronous Clear  ; 0     ;
; Number of registers using Synchronous Load   ; 4     ;
; Number of registers using Asynchronous Clear ; 8     ;
; Number of registers using Asynchronous Load  ; 0     ;
; Number of registers using Clock Enable       ; 59    ;
; Number of registers using Preset             ; 0     ;
+----------------------------------------------+-------+


+-------------------------------------------------------------------------------------------------------------------------------------------------------------+
; Multiplexer Restructuring Statistics (Restructuring Performed)                                                                                              ;
+--------------------+-----------+---------------+----------------------+------------------------+------------+-----------------------------------------------+
; Multiplexer Inputs ; Bus Width ; Baseline Area ; Area if Restructured ; Saving if Restructured ; Registered ; Example Multiplexer Output                    ;
+--------------------+-----------+---------------+----------------------+------------------------+------------+-----------------------------------------------+
; 4:1                ; 2 bits    ; 4 LEs         ; 2 LEs                ; 2 LEs                  ; Yes        ; |cpu|cp:inst14|a[3]                           ;
; 4:1                ; 2 bits    ; 4 LEs         ; 2 LEs                ; 2 LEs                  ; Yes        ; |cpu|cp:inst14|a[1]                           ;
; 8:1                ; 3 bits    ; 15 LEs        ; 12 LEs               ; 3 LEs                  ; Yes        ; |cpu|alu:inst|operation:inst2|rc[4]           ;
; 8:1                ; 4 bits    ; 20 LEs        ; 16 LEs               ; 4 LEs                  ; Yes        ; |cpu|alu:inst|operation:inst2|rc[3]           ;
; 3:1                ; 2 bits    ; 4 LEs         ; 2 LEs                ; 2 LEs                  ; No         ; |cpu|alu:inst|control_unit:inst|y[2]          ;
; 4:1                ; 2 bits    ; 4 LEs         ; 4 LEs                ; 0 LEs                  ; No         ; |cpu|alu:inst|control_unit:inst|next_state.s2 ;
+--------------------+-----------+---------------+----------------------+------------------------+------------+-----------------------------------------------+


+-----------------------------------------------------------------------+
; Parameter Settings for User Entity Instance: alu:inst|operation:inst2 ;
+----------------+-------+----------------------------------------------+
; Parameter Name ; Value ; Type                                         ;
+----------------+-------+----------------------------------------------+
; n              ; 4     ; Signed Integer                               ;
+----------------+-------+----------------------------------------------+
Note: In order to hide this table in the UI and the text report file, please set the "Show Parameter Settings in Synthesis Report" option in "Analysis and Synthesis Settings -> More Settings" to "Off".


+--------------------------------------------------------+
; Parameter Settings for User Entity Instance: cp:inst14 ;
+----------------+-------+-------------------------------+
; Parameter Name ; Value ; Type                          ;
+----------------+-------+-------------------------------+
; n              ; 4     ; Signed Integer                ;
+----------------+-------+-------------------------------+
Note: In order to hide this table in the UI and the text report file, please set the "Show Parameter Settings in Synthesis Report" option in "Analysis and Synthesis Settings -> More Settings" to "Off".


+-----------------------------------------------------+
; Post-Synthesis Netlist Statistics for Top Partition ;
+-----------------------+-----------------------------+
; Type                  ; Count                       ;
+-----------------------+-----------------------------+
; boundary_port         ; 26                          ;
; cycloneiii_ff         ; 88                          ;
;     CLR               ; 8                           ;
;     ENA               ; 56                          ;
;     ENA SLD           ; 3                           ;
;     SLD               ; 1                           ;
;     plain             ; 20                          ;
; cycloneiii_lcell_comb ; 236                         ;
;     arith             ; 76                          ;
;         2 data inputs ; 51                          ;
;         3 data inputs ; 25                          ;
;     normal            ; 160                         ;
;         0 data inputs ; 2                           ;
;         1 data inputs ; 7                           ;
;         2 data inputs ; 13                          ;
;         3 data inputs ; 43                          ;
;         4 data inputs ; 95                          ;
;                       ;                             ;
; Max LUT depth         ; 9.80                        ;
; Average LUT depth     ; 5.46                        ;
+-----------------------+-----------------------------+


+-------------------------------+
; Elapsed Time Per Partition    ;
+----------------+--------------+
; Partition Name ; Elapsed Time ;
+----------------+--------------+
; Top            ; 00:00:00     ;
+----------------+--------------+


+-------------------------------+
; Analysis & Synthesis Messages ;
+-------------------------------+
Info: *******************************************************************
Info: Running Quartus Prime Analysis & Synthesis
    Info: Version 19.1.0 Build 670 09/22/2019 SJ Lite Edition
    Info: Processing started: Fri Jan 21 03:39:15 2022
Info: Command: quartus_map --read_settings_files=on --write_settings_files=off course -c course
Warning (18236): Number of processors has not been specified which may cause overloading on shared machines.  Set the global assignment NUM_PARALLEL_PROCESSORS in your QSF to an appropriate value for best performance.
Info (20030): Parallel compilation is enabled and will use 12 of the 12 processors detected
Info (12021): Found 1 design units, including 1 entities, in source file alu.bdf
    Info (12023): Found entity 1: alu
Info (12021): Found 2 design units, including 1 entities, in source file operation.vhd
    Info (12022): Found design unit 1: operation-behav File: C:/_OEVM/course_3/operation.vhd Line: 27
    Info (12023): Found entity 1: operation File: C:/_OEVM/course_3/operation.vhd Line: 13
Info (12021): Found 2 design units, including 1 entities, in source file control_unit.vhd
    Info (12022): Found design unit 1: control_unit-behav File: C:/_OEVM/course_3/control_unit.vhd Line: 50
    Info (12023): Found entity 1: control_unit File: C:/_OEVM/course_3/control_unit.vhd Line: 20
Info (12021): Found 2 design units, including 0 entities, in source file mk_work.vhd
    Info (12022): Found design unit 1: mk_pack File: C:/_OEVM/course_3/mk_work.vhd Line: 9
    Info (12022): Found design unit 2: mk_pack-body File: C:/_OEVM/course_3/mk_work.vhd Line: 16
Info (12021): Found 2 design units, including 1 entities, in source file cp.vhd
    Info (12022): Found design unit 1: cp-behav File: C:/_OEVM/course_3/cp.vhd Line: 28
    Info (12023): Found entity 1: cp File: C:/_OEVM/course_3/cp.vhd Line: 6
Info (12021): Found 1 design units, including 1 entities, in source file cpu.bdf
    Info (12023): Found entity 1: cpu
Info (12127): Elaborating entity "cpu" for the top level hierarchy
Info (12128): Elaborating entity "alu" for hierarchy "alu:inst"
Info (12128): Elaborating entity "control_unit" for hierarchy "alu:inst|control_unit:inst"
Warning (10631): VHDL Process Statement warning at control_unit.vhd(67): inferring latch(es) for signal or variable "next_state", which holds its previous value in one or more paths through the process File: C:/_OEVM/course_3/control_unit.vhd Line: 67
Warning (10631): VHDL Process Statement warning at control_unit.vhd(67): inferring latch(es) for signal or variable "y", which holds its previous value in one or more paths through the process File: C:/_OEVM/course_3/control_unit.vhd Line: 67
Info (10041): Inferred latch for "y[0]" at control_unit.vhd(67) File: C:/_OEVM/course_3/control_unit.vhd Line: 67
Info (10041): Inferred latch for "y[1]" at control_unit.vhd(67) File: C:/_OEVM/course_3/control_unit.vhd Line: 67
Info (10041): Inferred latch for "y[2]" at control_unit.vhd(67) File: C:/_OEVM/course_3/control_unit.vhd Line: 67
Info (10041): Inferred latch for "y[3]" at control_unit.vhd(67) File: C:/_OEVM/course_3/control_unit.vhd Line: 67
Info (10041): Inferred latch for "y[4]" at control_unit.vhd(67) File: C:/_OEVM/course_3/control_unit.vhd Line: 67
Info (10041): Inferred latch for "y[5]" at control_unit.vhd(67) File: C:/_OEVM/course_3/control_unit.vhd Line: 67
Info (10041): Inferred latch for "y[6]" at control_unit.vhd(67) File: C:/_OEVM/course_3/control_unit.vhd Line: 67
Info (10041): Inferred latch for "next_state.s3" at control_unit.vhd(67) File: C:/_OEVM/course_3/control_unit.vhd Line: 67
Info (10041): Inferred latch for "next_state.s2" at control_unit.vhd(67) File: C:/_OEVM/course_3/control_unit.vhd Line: 67
Info (10041): Inferred latch for "next_state.s1" at control_unit.vhd(67) File: C:/_OEVM/course_3/control_unit.vhd Line: 67
Info (10041): Inferred latch for "next_state.s0" at control_unit.vhd(67) File: C:/_OEVM/course_3/control_unit.vhd Line: 67
Info (12128): Elaborating entity "operation" for hierarchy "alu:inst|operation:inst2"
Warning (10492): VHDL Process Statement warning at operation.vhd(153): signal "y" is read inside the Process Statement but isn't in the Process Statement's sensitivity list File: C:/_OEVM/course_3/operation.vhd Line: 153
Warning (10631): VHDL Process Statement warning at operation.vhd(37): inferring latch(es) for signal or variable "x", which holds its previous value in one or more paths through the process File: C:/_OEVM/course_3/operation.vhd Line: 37
Warning (10034): Output port "cx" at operation.vhd(22) has no driver File: C:/_OEVM/course_3/operation.vhd Line: 22
Info (10041): Inferred latch for "x[2]" at operation.vhd(37) File: C:/_OEVM/course_3/operation.vhd Line: 37
Info (10041): Inferred latch for "x[4]" at operation.vhd(37) File: C:/_OEVM/course_3/operation.vhd Line: 37
Info (12128): Elaborating entity "cp" for hierarchy "cp:inst14"
Warning (13012): Latch alu:inst|control_unit:inst|next_state.s3_397 has unsafe behavior File: C:/_OEVM/course_3/control_unit.vhd Line: 67
    Warning (13013): Ports D and ENA on the latch are fed by the same signal cp:inst14|cop[1] File: C:/_OEVM/course_3/cp.vhd Line: 48
Warning (13012): Latch alu:inst|control_unit:inst|y[1] has unsafe behavior File: C:/_OEVM/course_3/control_unit.vhd Line: 67
    Warning (13013): Ports D and ENA on the latch are fed by the same signal cp:inst14|cop[1] File: C:/_OEVM/course_3/cp.vhd Line: 48
Warning (13012): Latch alu:inst|control_unit:inst|y[2] has unsafe behavior File: C:/_OEVM/course_3/control_unit.vhd Line: 67
    Warning (13013): Ports D and ENA on the latch are fed by the same signal cp:inst14|cop[1] File: C:/_OEVM/course_3/cp.vhd Line: 48
Warning (13012): Latch alu:inst|control_unit:inst|y[3] has unsafe behavior File: C:/_OEVM/course_3/control_unit.vhd Line: 67
    Warning (13013): Ports D and ENA on the latch are fed by the same signal cp:inst14|cop[1] File: C:/_OEVM/course_3/cp.vhd Line: 48
Warning (13012): Latch alu:inst|control_unit:inst|y[4] has unsafe behavior File: C:/_OEVM/course_3/control_unit.vhd Line: 67
    Warning (13013): Ports D and ENA on the latch are fed by the same signal cp:inst14|cop[1] File: C:/_OEVM/course_3/cp.vhd Line: 48
Warning (13012): Latch alu:inst|control_unit:inst|y[5] has unsafe behavior File: C:/_OEVM/course_3/control_unit.vhd Line: 67
    Warning (13013): Ports D and ENA on the latch are fed by the same signal cp:inst14|cop[1] File: C:/_OEVM/course_3/cp.vhd Line: 48
Warning (13012): Latch alu:inst|control_unit:inst|y[6] has unsafe behavior File: C:/_OEVM/course_3/control_unit.vhd Line: 67
    Warning (13013): Ports D and ENA on the latch are fed by the same signal cp:inst14|cop[1] File: C:/_OEVM/course_3/cp.vhd Line: 48
Warning (13012): Latch alu:inst|control_unit:inst|y[0] has unsafe behavior File: C:/_OEVM/course_3/control_unit.vhd Line: 67
    Warning (13013): Ports D and ENA on the latch are fed by the same signal alu:inst|control_unit:inst|state.s0 File: C:/_OEVM/course_3/control_unit.vhd Line: 53
Warning (13012): Latch alu:inst|control_unit:inst|next_state.s2_420 has unsafe behavior File: C:/_OEVM/course_3/control_unit.vhd Line: 67
    Warning (13013): Ports D and ENA on the latch are fed by the same signal cp:inst14|cop[1] File: C:/_OEVM/course_3/cp.vhd Line: 48
Warning (13012): Latch alu:inst|control_unit:inst|next_state.s1_443 has unsafe behavior File: C:/_OEVM/course_3/control_unit.vhd Line: 67
    Warning (13013): Ports D and ENA on the latch are fed by the same signal alu:inst|control_unit:inst|state.s0 File: C:/_OEVM/course_3/control_unit.vhd Line: 53
Warning (13012): Latch alu:inst|control_unit:inst|next_state.s0_466 has unsafe behavior File: C:/_OEVM/course_3/control_unit.vhd Line: 67
    Warning (13013): Ports D and ENA on the latch are fed by the same signal alu:inst|control_unit:inst|state.s0 File: C:/_OEVM/course_3/control_unit.vhd Line: 53
Info (286030): Timing-Driven Synthesis is running
Info (16010): Generating hard_block partition "hard_block:auto_generated_inst"
    Info (16011): Adding 0 node(s), including 0 DDIO, 0 PLL, 0 transceiver and 0 LCELL
Info (21057): Implemented 294 device resources after synthesis - the final resource count might be different
    Info (21058): Implemented 11 input pins
    Info (21059): Implemented 15 output pins
    Info (21061): Implemented 268 logic cells
Info: Quartus Prime Analysis & Synthesis was successful. 0 errors, 28 warnings
    Info: Peak virtual memory: 4859 megabytes
    Info: Processing ended: Fri Jan 21 03:39:21 2022
    Info: Elapsed time: 00:00:06
    Info: Total CPU time (on all processors): 00:00:13


